Compiling the CXX compiler identification source file "CMakeCXXCompilerId.cpp" failed.
Compiler: g++.exe 
Build flags: 
Id flags:  

The output was:
Das System kann die angegebene Datei nicht finden


Compiling the CXX compiler identification source file "CMakeCXXCompilerId.cpp" failed.
Compiler: g++.exe 
Build flags: 
Id flags: -c 

The output was:
Das System kann die angegebene Datei nicht finden


Compiling the CXX compiler identification source file "CMakeCXXCompilerId.cpp" failed.
Compiler: g++.exe 
Build flags: 
Id flags:  

The output was:
Das System kann die angegebene Datei nicht finden


Compiling the CXX compiler identification source file "CMakeCXXCompilerId.cpp" failed.
Compiler: g++.exe 
Build flags: 
Id flags: -c 

The output was:
Das System kann die angegebene Datei nicht finden


Checking whether the CXX compiler is IAR using "" did not match "IAR .+ Compiler":
Checking whether the CXX compiler is IAR using "" did not match "IAR .+ Compiler":
